{"/Users/h.kamiyama/Documents/GitHub/nichiwari-app/application/use-cases/CalculateDailyCostUseCase.ts": {"path":"/Users/h.kamiyama/Documents/GitHub/nichiwari-app/application/use-cases/CalculateDailyCostUseCase.ts","statementMap":{"0":{"start":{"line":38,"column":21},"end":{"line":40,"column":null}},"1":{"start":{"line":39,"column":6},"end":{"line":39,"column":null}},"2":{"start":{"line":43,"column":24},"end":{"line":43,"column":null}},"3":{"start":{"line":44,"column":27},"end":{"line":44,"column":null}},"4":{"start":{"line":47,"column":27},"end":{"line":55,"column":null}},"5":{"start":{"line":48,"column":24},"end":{"line":48,"column":null}},"6":{"start":{"line":49,"column":6},"end":{"line":54,"column":null}},"7":{"start":{"line":58,"column":4},"end":{"line":64,"column":null}}},"fnMap":{"0":{"name":"(anonymous_0)","decl":{"start":{"line":36,"column":2},"end":{"line":36,"column":10}},"loc":{"start":{"line":36,"column":68},"end":{"line":65,"column":null}},"line":36},"1":{"name":"(anonymous_1)","decl":{"start":{"line":38,"column":40},"end":{"line":38,"column":null}},"loc":{"start":{"line":39,"column":6},"end":{"line":39,"column":null}},"line":39},"2":{"name":"(anonymous_2)","decl":{"start":{"line":47,"column":40},"end":{"line":47,"column":41}},"loc":{"start":{"line":47,"column":60},"end":{"line":55,"column":5}},"line":47}},"branchMap":{},"s":{"0":7,"1":9,"2":7,"3":7,"4":7,"5":9,"6":9,"7":7},"f":{"0":7,"1":9,"2":9},"b":{},"meta":{"lastBranch":0,"lastFunction":3,"lastStatement":8,"seen":{"f:36:2:36:10":0,"s:38:21:40:Infinity":0,"f:38:40:38:Infinity":1,"s:39:6:39:Infinity":1,"s:43:24:43:Infinity":2,"s:44:27:44:Infinity":3,"s:47:27:55:Infinity":4,"f:47:40:47:41":2,"s:48:24:48:Infinity":5,"s:49:6:54:Infinity":6,"s:58:4:64:Infinity":7}}}
,"/Users/h.kamiyama/Documents/GitHub/nichiwari-app/domain/entities/Calculation.ts": {"path":"/Users/h.kamiyama/Documents/GitHub/nichiwari-app/domain/entities/Calculation.ts","statementMap":{"0":{"start":{"line":12,"column":4},"end":{"line":12,"column":null}},"1":{"start":{"line":19,"column":4},"end":{"line":19,"column":null}},"2":{"start":{"line":26,"column":4},"end":{"line":26,"column":null}},"3":{"start":{"line":33,"column":4},"end":{"line":35,"column":null}},"4":{"start":{"line":34,"column":6},"end":{"line":34,"column":null}},"5":{"start":{"line":36,"column":4},"end":{"line":38,"column":null}},"6":{"start":{"line":37,"column":6},"end":{"line":37,"column":null}},"7":{"start":{"line":39,"column":4},"end":{"line":39,"column":null}},"8":{"start":{"line":46,"column":4},"end":{"line":48,"column":null}},"9":{"start":{"line":47,"column":6},"end":{"line":47,"column":null}},"10":{"start":{"line":50,"column":22},"end":{"line":53,"column":null}},"11":{"start":{"line":51,"column":24},"end":{"line":51,"column":null}},"12":{"start":{"line":52,"column":6},"end":{"line":52,"column":null}},"13":{"start":{"line":55,"column":4},"end":{"line":55,"column":null}},"14":{"start":{"line":62,"column":4},"end":{"line":62,"column":null}}},"fnMap":{"0":{"name":"(anonymous_0)","decl":{"start":{"line":11,"column":2},"end":{"line":11,"column":14}},"loc":{"start":{"line":11,"column":40},"end":{"line":13,"column":null}},"line":11},"1":{"name":"(anonymous_1)","decl":{"start":{"line":18,"column":6},"end":{"line":18,"column":37}},"loc":{"start":{"line":18,"column":37},"end":{"line":20,"column":null}},"line":18},"2":{"name":"(anonymous_2)","decl":{"start":{"line":25,"column":2},"end":{"line":25,"column":13}},"loc":{"start":{"line":25,"column":37},"end":{"line":27,"column":null}},"line":25},"3":{"name":"(anonymous_3)","decl":{"start":{"line":32,"column":2},"end":{"line":32,"column":16}},"loc":{"start":{"line":32,"column":37},"end":{"line":40,"column":null}},"line":32},"4":{"name":"(anonymous_4)","decl":{"start":{"line":45,"column":2},"end":{"line":45,"column":39}},"loc":{"start":{"line":45,"column":39},"end":{"line":56,"column":null}},"line":45},"5":{"name":"(anonymous_5)","decl":{"start":{"line":50,"column":44},"end":{"line":50,"column":45}},"loc":{"start":{"line":50,"column":62},"end":{"line":53,"column":7}},"line":50},"6":{"name":"(anonymous_6)","decl":{"start":{"line":61,"column":2},"end":{"line":61,"column":21}},"loc":{"start":{"line":61,"column":21},"end":{"line":63,"column":null}},"line":61}},"branchMap":{"0":{"loc":{"start":{"line":11,"column":14},"end":{"line":11,"column":40}},"type":"default-arg","locations":[{"start":{"line":11,"column":36},"end":{"line":11,"column":40}}],"line":11},"1":{"loc":{"start":{"line":33,"column":4},"end":{"line":35,"column":null}},"type":"if","locations":[{"start":{"line":33,"column":4},"end":{"line":35,"column":null}},{"start":{},"end":{}}],"line":33},"2":{"loc":{"start":{"line":36,"column":4},"end":{"line":38,"column":null}},"type":"if","locations":[{"start":{"line":36,"column":4},"end":{"line":38,"column":null}},{"start":{},"end":{}}],"line":36},"3":{"loc":{"start":{"line":46,"column":4},"end":{"line":48,"column":null}},"type":"if","locations":[{"start":{"line":46,"column":4},"end":{"line":48,"column":null}},{"start":{},"end":{}}],"line":46}},"s":{"0":20,"1":9,"2":3,"3":3,"4":1,"5":2,"6":1,"7":1,"8":11,"9":2,"10":9,"11":15,"12":15,"13":9,"14":2},"f":{"0":20,"1":9,"2":3,"3":3,"4":11,"5":15,"6":2},"b":{"0":[20],"1":[1,2],"2":[1,1],"3":[2,9]},"meta":{"lastBranch":4,"lastFunction":7,"lastStatement":15,"seen":{"f:11:2:11:14":0,"b:11:36:11:40":0,"s:12:4:12:Infinity":0,"f:18:6:18:37":1,"s:19:4:19:Infinity":1,"f:25:2:25:13":2,"s:26:4:26:Infinity":2,"f:32:2:32:16":3,"b:33:4:35:Infinity:undefined:undefined:undefined:undefined":1,"s:33:4:35:Infinity":3,"s:34:6:34:Infinity":4,"b:36:4:38:Infinity:undefined:undefined:undefined:undefined":2,"s:36:4:38:Infinity":5,"s:37:6:37:Infinity":6,"s:39:4:39:Infinity":7,"f:45:2:45:39":4,"b:46:4:48:Infinity:undefined:undefined:undefined:undefined":3,"s:46:4:48:Infinity":8,"s:47:6:47:Infinity":9,"s:50:22:53:Infinity":10,"f:50:44:50:45":5,"s:51:24:51:Infinity":11,"s:52:6:52:Infinity":12,"s:55:4:55:Infinity":13,"f:61:2:61:21":6,"s:62:4:62:Infinity":14}}}
,"/Users/h.kamiyama/Documents/GitHub/nichiwari-app/domain/entities/Product.ts": {"path":"/Users/h.kamiyama/Documents/GitHub/nichiwari-app/domain/entities/Product.ts","statementMap":{"0":{"start":{"line":32,"column":4},"end":{"line":34,"column":null}},"1":{"start":{"line":33,"column":6},"end":{"line":33,"column":null}},"2":{"start":{"line":36,"column":4},"end":{"line":38,"column":null}},"3":{"start":{"line":37,"column":6},"end":{"line":37,"column":null}},"4":{"start":{"line":40,"column":4},"end":{"line":40,"column":null}},"5":{"start":{"line":41,"column":4},"end":{"line":41,"column":null}},"6":{"start":{"line":42,"column":4},"end":{"line":42,"column":null}},"7":{"start":{"line":49,"column":4},"end":{"line":49,"column":null}},"8":{"start":{"line":56,"column":4},"end":{"line":56,"column":null}},"9":{"start":{"line":63,"column":4},"end":{"line":63,"column":null}},"10":{"start":{"line":72,"column":17},"end":{"line":72,"column":null}},"11":{"start":{"line":73,"column":22},"end":{"line":73,"column":null}},"12":{"start":{"line":74,"column":4},"end":{"line":74,"column":null}},"13":{"start":{"line":83,"column":22},"end":{"line":83,"column":null}},"14":{"start":{"line":84,"column":4},"end":{"line":84,"column":null}},"15":{"start":{"line":93,"column":4},"end":{"line":93,"column":null}}},"fnMap":{"0":{"name":"(anonymous_0)","decl":{"start":{"line":30,"column":2},"end":{"line":30,"column":14}},"loc":{"start":{"line":30,"column":35},"end":{"line":43,"column":null}},"line":30},"1":{"name":"(anonymous_1)","decl":{"start":{"line":48,"column":6},"end":{"line":48,"column":21}},"loc":{"start":{"line":48,"column":21},"end":{"line":50,"column":null}},"line":48},"2":{"name":"(anonymous_2)","decl":{"start":{"line":55,"column":6},"end":{"line":55,"column":21}},"loc":{"start":{"line":55,"column":21},"end":{"line":57,"column":null}},"line":55},"3":{"name":"(anonymous_3)","decl":{"start":{"line":62,"column":6},"end":{"line":62,"column":21}},"loc":{"start":{"line":62,"column":21},"end":{"line":64,"column":null}},"line":62},"4":{"name":"(anonymous_4)","decl":{"start":{"line":71,"column":2},"end":{"line":71,"column":34}},"loc":{"start":{"line":71,"column":34},"end":{"line":75,"column":null}},"line":71},"5":{"name":"(anonymous_5)","decl":{"start":{"line":82,"column":2},"end":{"line":82,"column":33}},"loc":{"start":{"line":82,"column":33},"end":{"line":85,"column":null}},"line":82},"6":{"name":"(anonymous_6)","decl":{"start":{"line":92,"column":2},"end":{"line":92,"column":32}},"loc":{"start":{"line":92,"column":32},"end":{"line":94,"column":null}},"line":92}},"branchMap":{"0":{"loc":{"start":{"line":32,"column":4},"end":{"line":34,"column":null}},"type":"if","locations":[{"start":{"line":32,"column":4},"end":{"line":34,"column":null}},{"start":{},"end":{}}],"line":32},"1":{"loc":{"start":{"line":32,"column":8},"end":{"line":32,"column":55}},"type":"binary-expr","locations":[{"start":{"line":32,"column":8},"end":{"line":32,"column":23}},{"start":{"line":32,"column":23},"end":{"line":32,"column":55}}],"line":32},"2":{"loc":{"start":{"line":36,"column":4},"end":{"line":38,"column":null}},"type":"if","locations":[{"start":{"line":36,"column":4},"end":{"line":38,"column":null}},{"start":{},"end":{}}],"line":36}},"s":{"0":32,"1":1,"2":31,"3":1,"4":30,"5":30,"6":30,"7":4,"8":1,"9":1,"10":28,"11":28,"12":28,"13":1,"14":1,"15":1},"f":{"0":32,"1":4,"2":1,"3":1,"4":28,"5":1,"6":1},"b":{"0":[1,31],"1":[32,31],"2":[1,30]},"meta":{"lastBranch":3,"lastFunction":7,"lastStatement":16,"seen":{"f:30:2:30:14":0,"b:32:4:34:Infinity:undefined:undefined:undefined:undefined":0,"s:32:4:34:Infinity":0,"b:32:8:32:23:32:23:32:55":1,"s:33:6:33:Infinity":1,"b:36:4:38:Infinity:undefined:undefined:undefined:undefined":2,"s:36:4:38:Infinity":2,"s:37:6:37:Infinity":3,"s:40:4:40:Infinity":4,"s:41:4:41:Infinity":5,"s:42:4:42:Infinity":6,"f:48:6:48:21":1,"s:49:4:49:Infinity":7,"f:55:6:55:21":2,"s:56:4:56:Infinity":8,"f:62:6:62:21":3,"s:63:4:63:Infinity":9,"f:71:2:71:34":4,"s:72:17:72:Infinity":10,"s:73:22:73:Infinity":11,"s:74:4:74:Infinity":12,"f:82:2:82:33":5,"s:83:22:83:Infinity":13,"s:84:4:84:Infinity":14,"f:92:2:92:32":6,"s:93:4:93:Infinity":15}}}
,"/Users/h.kamiyama/Documents/GitHub/nichiwari-app/domain/value-objects/DailyCost.ts": {"path":"/Users/h.kamiyama/Documents/GitHub/nichiwari-app/domain/value-objects/DailyCost.ts","statementMap":{"0":{"start":{"line":18,"column":4},"end":{"line":20,"column":null}},"1":{"start":{"line":19,"column":6},"end":{"line":19,"column":null}},"2":{"start":{"line":23,"column":4},"end":{"line":25,"column":null}},"3":{"start":{"line":24,"column":6},"end":{"line":24,"column":null}},"4":{"start":{"line":27,"column":4},"end":{"line":27,"column":null}},"5":{"start":{"line":34,"column":4},"end":{"line":34,"column":null}},"6":{"start":{"line":43,"column":4},"end":{"line":43,"column":null}},"7":{"start":{"line":52,"column":4},"end":{"line":52,"column":null}},"8":{"start":{"line":61,"column":22},"end":{"line":65,"column":null}},"9":{"start":{"line":66,"column":4},"end":{"line":66,"column":null}},"10":{"start":{"line":76,"column":4},"end":{"line":76,"column":null}}},"fnMap":{"0":{"name":"(anonymous_0)","decl":{"start":{"line":16,"column":2},"end":{"line":16,"column":14}},"loc":{"start":{"line":16,"column":29},"end":{"line":28,"column":null}},"line":16},"1":{"name":"(anonymous_1)","decl":{"start":{"line":33,"column":6},"end":{"line":33,"column":22}},"loc":{"start":{"line":33,"column":22},"end":{"line":35,"column":null}},"line":33},"2":{"name":"(anonymous_2)","decl":{"start":{"line":42,"column":2},"end":{"line":42,"column":22}},"loc":{"start":{"line":42,"column":22},"end":{"line":44,"column":null}},"line":42},"3":{"name":"(anonymous_3)","decl":{"start":{"line":51,"column":2},"end":{"line":51,"column":21}},"loc":{"start":{"line":51,"column":21},"end":{"line":53,"column":null}},"line":51},"4":{"name":"(anonymous_4)","decl":{"start":{"line":60,"column":2},"end":{"line":60,"column":19}},"loc":{"start":{"line":60,"column":19},"end":{"line":67,"column":null}},"line":60},"5":{"name":"(anonymous_5)","decl":{"start":{"line":75,"column":2},"end":{"line":75,"column":9}},"loc":{"start":{"line":75,"column":36},"end":{"line":77,"column":null}},"line":75}},"branchMap":{"0":{"loc":{"start":{"line":18,"column":4},"end":{"line":20,"column":null}},"type":"if","locations":[{"start":{"line":18,"column":4},"end":{"line":20,"column":null}},{"start":{},"end":{}}],"line":18},"1":{"loc":{"start":{"line":23,"column":4},"end":{"line":25,"column":null}},"type":"if","locations":[{"start":{"line":23,"column":4},"end":{"line":25,"column":null}},{"start":{},"end":{}}],"line":23}},"s":{"0":54,"1":1,"2":53,"3":1,"4":52,"5":40,"6":10,"7":9,"8":10,"9":10,"10":2},"f":{"0":54,"1":40,"2":10,"3":9,"4":10,"5":2},"b":{"0":[1,53],"1":[1,52]},"meta":{"lastBranch":2,"lastFunction":6,"lastStatement":11,"seen":{"f:16:2:16:14":0,"b:18:4:20:Infinity:undefined:undefined:undefined:undefined":0,"s:18:4:20:Infinity":0,"s:19:6:19:Infinity":1,"b:23:4:25:Infinity:undefined:undefined:undefined:undefined":1,"s:23:4:25:Infinity":2,"s:24:6:24:Infinity":3,"s:27:4:27:Infinity":4,"f:33:6:33:22":1,"s:34:4:34:Infinity":5,"f:42:2:42:22":2,"s:43:4:43:Infinity":6,"f:51:2:51:21":3,"s:52:4:52:Infinity":7,"f:60:2:60:19":4,"s:61:22:65:Infinity":8,"s:66:4:66:Infinity":9,"f:75:2:75:9":5,"s:76:4:76:Infinity":10}}}
,"/Users/h.kamiyama/Documents/GitHub/nichiwari-app/domain/value-objects/Money.ts": {"path":"/Users/h.kamiyama/Documents/GitHub/nichiwari-app/domain/value-objects/Money.ts","statementMap":{"0":{"start":{"line":19,"column":4},"end":{"line":21,"column":null}},"1":{"start":{"line":20,"column":6},"end":{"line":20,"column":null}},"2":{"start":{"line":24,"column":4},"end":{"line":26,"column":null}},"3":{"start":{"line":25,"column":6},"end":{"line":25,"column":null}},"4":{"start":{"line":28,"column":4},"end":{"line":30,"column":null}},"5":{"start":{"line":29,"column":6},"end":{"line":29,"column":null}},"6":{"start":{"line":32,"column":4},"end":{"line":32,"column":null}},"7":{"start":{"line":39,"column":4},"end":{"line":39,"column":null}},"8":{"start":{"line":48,"column":4},"end":{"line":52,"column":null}},"9":{"start":{"line":62,"column":4},"end":{"line":62,"column":null}},"10":{"start":{"line":73,"column":19},"end":{"line":73,"column":null}},"11":{"start":{"line":74,"column":4},"end":{"line":76,"column":null}},"12":{"start":{"line":75,"column":6},"end":{"line":75,"column":null}},"13":{"start":{"line":77,"column":4},"end":{"line":77,"column":null}},"14":{"start":{"line":87,"column":4},"end":{"line":87,"column":null}}},"fnMap":{"0":{"name":"(anonymous_0)","decl":{"start":{"line":17,"column":2},"end":{"line":17,"column":14}},"loc":{"start":{"line":17,"column":29},"end":{"line":33,"column":null}},"line":17},"1":{"name":"(anonymous_1)","decl":{"start":{"line":38,"column":6},"end":{"line":38,"column":22}},"loc":{"start":{"line":38,"column":22},"end":{"line":40,"column":null}},"line":38},"2":{"name":"(anonymous_2)","decl":{"start":{"line":47,"column":2},"end":{"line":47,"column":19}},"loc":{"start":{"line":47,"column":19},"end":{"line":53,"column":null}},"line":47},"3":{"name":"(anonymous_3)","decl":{"start":{"line":61,"column":2},"end":{"line":61,"column":6}},"loc":{"start":{"line":61,"column":27},"end":{"line":63,"column":null}},"line":61},"4":{"name":"(anonymous_4)","decl":{"start":{"line":72,"column":2},"end":{"line":72,"column":11}},"loc":{"start":{"line":72,"column":32},"end":{"line":78,"column":null}},"line":72},"5":{"name":"(anonymous_5)","decl":{"start":{"line":86,"column":2},"end":{"line":86,"column":9}},"loc":{"start":{"line":86,"column":32},"end":{"line":88,"column":null}},"line":86}},"branchMap":{"0":{"loc":{"start":{"line":19,"column":4},"end":{"line":21,"column":null}},"type":"if","locations":[{"start":{"line":19,"column":4},"end":{"line":21,"column":null}},{"start":{},"end":{}}],"line":19},"1":{"loc":{"start":{"line":24,"column":4},"end":{"line":26,"column":null}},"type":"if","locations":[{"start":{"line":24,"column":4},"end":{"line":26,"column":null}},{"start":{},"end":{}}],"line":24},"2":{"loc":{"start":{"line":28,"column":4},"end":{"line":30,"column":null}},"type":"if","locations":[{"start":{"line":28,"column":4},"end":{"line":30,"column":null}},{"start":{},"end":{}}],"line":28},"3":{"loc":{"start":{"line":74,"column":4},"end":{"line":76,"column":null}},"type":"if","locations":[{"start":{"line":74,"column":4},"end":{"line":76,"column":null}},{"start":{},"end":{}}],"line":74}},"s":{"0":49,"1":1,"2":48,"3":1,"4":47,"5":1,"6":46,"7":34,"8":2,"9":1,"10":2,"11":2,"12":1,"13":1,"14":2},"f":{"0":49,"1":34,"2":2,"3":1,"4":2,"5":2},"b":{"0":[1,48],"1":[1,47],"2":[1,46],"3":[1,1]},"meta":{"lastBranch":4,"lastFunction":6,"lastStatement":15,"seen":{"f:17:2:17:14":0,"b:19:4:21:Infinity:undefined:undefined:undefined:undefined":0,"s:19:4:21:Infinity":0,"s:20:6:20:Infinity":1,"b:24:4:26:Infinity:undefined:undefined:undefined:undefined":1,"s:24:4:26:Infinity":2,"s:25:6:25:Infinity":3,"b:28:4:30:Infinity:undefined:undefined:undefined:undefined":2,"s:28:4:30:Infinity":4,"s:29:6:29:Infinity":5,"s:32:4:32:Infinity":6,"f:38:6:38:22":1,"s:39:4:39:Infinity":7,"f:47:2:47:19":2,"s:48:4:52:Infinity":8,"f:61:2:61:6":3,"s:62:4:62:Infinity":9,"f:72:2:72:11":4,"s:73:19:73:Infinity":10,"b:74:4:76:Infinity:undefined:undefined:undefined:undefined":3,"s:74:4:76:Infinity":11,"s:75:6:75:Infinity":12,"s:77:4:77:Infinity":13,"f:86:2:86:9":5,"s:87:4:87:Infinity":14}}}
,"/Users/h.kamiyama/Documents/GitHub/nichiwari-app/domain/value-objects/Years.ts": {"path":"/Users/h.kamiyama/Documents/GitHub/nichiwari-app/domain/value-objects/Years.ts","statementMap":{"0":{"start":{"line":19,"column":4},"end":{"line":21,"column":null}},"1":{"start":{"line":20,"column":6},"end":{"line":20,"column":null}},"2":{"start":{"line":23,"column":4},"end":{"line":25,"column":null}},"3":{"start":{"line":24,"column":6},"end":{"line":24,"column":null}},"4":{"start":{"line":29,"column":23},"end":{"line":29,"column":null}},"5":{"start":{"line":30,"column":4},"end":{"line":32,"column":null}},"6":{"start":{"line":31,"column":6},"end":{"line":31,"column":null}},"7":{"start":{"line":34,"column":4},"end":{"line":34,"column":null}},"8":{"start":{"line":41,"column":4},"end":{"line":41,"column":null}},"9":{"start":{"line":50,"column":4},"end":{"line":50,"column":null}},"10":{"start":{"line":59,"column":4},"end":{"line":59,"column":null}}},"fnMap":{"0":{"name":"(anonymous_0)","decl":{"start":{"line":17,"column":2},"end":{"line":17,"column":14}},"loc":{"start":{"line":17,"column":29},"end":{"line":35,"column":null}},"line":17},"1":{"name":"(anonymous_1)","decl":{"start":{"line":40,"column":6},"end":{"line":40,"column":22}},"loc":{"start":{"line":40,"column":22},"end":{"line":42,"column":null}},"line":40},"2":{"name":"(anonymous_2)","decl":{"start":{"line":49,"column":2},"end":{"line":49,"column":19}},"loc":{"start":{"line":49,"column":19},"end":{"line":51,"column":null}},"line":49},"3":{"name":"(anonymous_3)","decl":{"start":{"line":58,"column":2},"end":{"line":58,"column":19}},"loc":{"start":{"line":58,"column":19},"end":{"line":60,"column":null}},"line":58}},"branchMap":{"0":{"loc":{"start":{"line":19,"column":4},"end":{"line":21,"column":null}},"type":"if","locations":[{"start":{"line":19,"column":4},"end":{"line":21,"column":null}},{"start":{},"end":{}}],"line":19},"1":{"loc":{"start":{"line":23,"column":4},"end":{"line":25,"column":null}},"type":"if","locations":[{"start":{"line":23,"column":4},"end":{"line":25,"column":null}},{"start":{},"end":{}}],"line":23},"2":{"loc":{"start":{"line":30,"column":4},"end":{"line":32,"column":null}},"type":"if","locations":[{"start":{"line":30,"column":4},"end":{"line":32,"column":null}},{"start":{},"end":{}}],"line":30},"3":{"loc":{"start":{"line":30,"column":8},"end":{"line":30,"column":70}},"type":"binary-expr","locations":[{"start":{"line":30,"column":8},"end":{"line":30,"column":38}},{"start":{"line":30,"column":38},"end":{"line":30,"column":70}}],"line":30}},"s":{"0":44,"1":2,"2":42,"3":1,"4":41,"5":41,"6":1,"7":40,"8":5,"9":32,"10":3},"f":{"0":44,"1":5,"2":32,"3":3},"b":{"0":[2,42],"1":[1,41],"2":[1,40],"3":[41,1]},"meta":{"lastBranch":4,"lastFunction":4,"lastStatement":11,"seen":{"f:17:2:17:14":0,"b:19:4:21:Infinity:undefined:undefined:undefined:undefined":0,"s:19:4:21:Infinity":0,"s:20:6:20:Infinity":1,"b:23:4:25:Infinity:undefined:undefined:undefined:undefined":1,"s:23:4:25:Infinity":2,"s:24:6:24:Infinity":3,"s:29:23:29:Infinity":4,"b:30:4:32:Infinity:undefined:undefined:undefined:undefined":2,"s:30:4:32:Infinity":5,"b:30:8:30:38:30:38:30:70":3,"s:31:6:31:Infinity":6,"s:34:4:34:Infinity":7,"f:40:6:40:22":1,"s:41:4:41:Infinity":8,"f:49:2:49:19":2,"s:50:4:50:Infinity":9,"f:58:2:58:19":3,"s:59:4:59:Infinity":10}}}
}
